INFO [2018-11-26 18:00:13] [[1]]
INFO [2018-11-26 18:00:13] list(GATA3_Targets = GATA3_Targets, ER_Targets = ER_Targets)
INFO [2018-11-26 18:00:13] 
INFO [2018-11-26 18:00:13] $fill
INFO [2018-11-26 18:00:13] c("orange", "blue")
INFO [2018-11-26 18:00:13] 
INFO [2018-11-26 18:00:13] $alpha
INFO [2018-11-26 18:00:13] c(0.5, 0.5)
INFO [2018-11-26 18:00:13] 
INFO [2018-11-26 18:00:13] $cat.cex
INFO [2018-11-26 18:00:13] [1] 1
INFO [2018-11-26 18:00:13] 
INFO [2018-11-26 18:00:13] $filename
INFO [2018-11-26 18:00:13] NULL
INFO [2018-11-26 18:00:13] 
INFO [2018-11-26 18:00:13] $lty
INFO [2018-11-26 18:00:13] [1] 2
INFO [2018-11-26 18:00:13] 
INFO [2018-11-26 18:00:13] $cex
INFO [2018-11-26 18:00:13] [1] 0.6
INFO [2018-11-26 18:00:13] 
INFO [2018-11-26 18:00:13] $rotation.degree
INFO [2018-11-26 18:00:13] [1] 0
INFO [2018-11-26 18:00:13] 
INFO [2018-11-26 18:00:13] $main.pos
INFO [2018-11-26 18:00:13] c(0.5, 0)
INFO [2018-11-26 18:00:13] 
