INFO [2018-11-27 10:14:35] [[1]]
INFO [2018-11-27 10:14:35] list(GATA3_Targets = GATA3_Targets, ER_Targets = ER_Targets)
INFO [2018-11-27 10:14:35] 
INFO [2018-11-27 10:14:35] $fill
INFO [2018-11-27 10:14:35] c("orange", "blue")
INFO [2018-11-27 10:14:35] 
INFO [2018-11-27 10:14:35] $alpha
INFO [2018-11-27 10:14:35] c(0.5, 0.5)
INFO [2018-11-27 10:14:35] 
INFO [2018-11-27 10:14:35] $cat.cex
INFO [2018-11-27 10:14:35] [1] 1
INFO [2018-11-27 10:14:35] 
INFO [2018-11-27 10:14:35] $filename
INFO [2018-11-27 10:14:35] NULL
INFO [2018-11-27 10:14:35] 
INFO [2018-11-27 10:14:35] $lty
INFO [2018-11-27 10:14:35] [1] 2
INFO [2018-11-27 10:14:35] 
INFO [2018-11-27 10:14:35] $cex
INFO [2018-11-27 10:14:35] [1] 0.6
INFO [2018-11-27 10:14:35] 
INFO [2018-11-27 10:14:35] $rotation.degree
INFO [2018-11-27 10:14:35] [1] 0
INFO [2018-11-27 10:14:35] 
INFO [2018-11-27 10:14:35] $main.pos
INFO [2018-11-27 10:14:35] c(0.5, 0)
INFO [2018-11-27 10:14:35] 
